e:\github\cocos2dx\towergame\proj.win32\debug.win32\appdelegate.obj
e:\github\cocos2dx\towergame\proj.win32\debug.win32\monsterposition.obj
e:\github\cocos2dx\towergame\proj.win32\debug.win32\tollgatemaplayer.obj
e:\github\cocos2dx\towergame\proj.win32\debug.win32\towereditoroperatelayer.obj
e:\github\cocos2dx\towergame\proj.win32\debug.win32\baseposition.obj
e:\github\cocos2dx\towergame\proj.win32\debug.win32\entity.obj
e:\github\cocos2dx\towergame\proj.win32\debug.win32\positionloadutil.obj
e:\github\cocos2dx\towergame\proj.win32\debug.win32\tollgatescene.obj
e:\github\cocos2dx\towergame\proj.win32\debug.win32\towereditorscene.obj
e:\github\cocos2dx\towergame\proj.win32\debug.win32\csvutil.obj
e:\github\cocos2dx\towergame\proj.win32\debug.win32\helloworldscene.obj
e:\github\cocos2dx\towergame\proj.win32\debug.win32\stringutil.obj
e:\github\cocos2dx\towergame\proj.win32\debug.win32\towereditorlayer.obj
e:\github\cocos2dx\towergame\proj.win32\debug.win32\main.obj
e:\github\cocos2dx\towergame\proj.win32\debug.win32\csvdata.obj
e:\github\cocos2dx\towergame\proj.win32\debug.win32\heromanager.obj
e:\github\cocos2dx\towergame\proj.win32\debug.win32\scenemanager.obj
e:\github\cocos2dx\towergame\proj.win32\debug.win32\towerborder.obj
e:\github\cocos2dx\towergame\proj.win32\debug.win32\towerposition.obj
e:\github\cocos2dx\towergame\proj.win32\debug.win32\vc120.pdb
e:\github\cocos2dx\towergame\proj.win32\debug.win32\vc120.idb
e:\github\cocos2dx\towergame\proj.win32\debug.win32\towergame.ilk
e:\github\cocos2dx\towergame\proj.win32\debug.win32\towergame.exe
e:\github\cocos2dx\towergame\proj.win32\debug.win32\towergame.pdb
e:\github\cocos2dx\towergame\proj.win32\debug.win32\game.res
e:\github\cocos2dx\towergame\proj.win32\debug.win32\towergame.lib
e:\github\cocos2dx\towergame\proj.win32\debug.win32\towergame.exp
e:\github\cocos2dx\towergame\proj.win32\towergame.cab
d:\cocos2d\cocosstudio\documents\cocos\cocosprojects\github\cocos2dx\towergame\proj.win32\debug.win32\appdelegate.obj
d:\cocos2d\cocosstudio\documents\cocos\cocosprojects\github\cocos2dx\towergame\proj.win32\debug.win32\baseposition.obj
d:\cocos2d\cocosstudio\documents\cocos\cocosprojects\github\cocos2dx\towergame\proj.win32\debug.win32\csvdata.obj
d:\cocos2d\cocosstudio\documents\cocos\cocosprojects\github\cocos2dx\towergame\proj.win32\debug.win32\csvutil.obj
d:\cocos2d\cocosstudio\documents\cocos\cocosprojects\github\cocos2dx\towergame\proj.win32\debug.win32\entity.obj
d:\cocos2d\cocosstudio\documents\cocos\cocosprojects\github\cocos2dx\towergame\proj.win32\debug.win32\helloworldscene.obj
d:\cocos2d\cocosstudio\documents\cocos\cocosprojects\github\cocos2dx\towergame\proj.win32\debug.win32\heromanager.obj
d:\cocos2d\cocosstudio\documents\cocos\cocosprojects\github\cocos2dx\towergame\proj.win32\debug.win32\main.obj
d:\cocos2d\cocosstudio\documents\cocos\cocosprojects\github\cocos2dx\towergame\proj.win32\debug.win32\monsterposition.obj
d:\cocos2d\cocosstudio\documents\cocos\cocosprojects\github\cocos2dx\towergame\proj.win32\debug.win32\positionloadutil.obj
d:\cocos2d\cocosstudio\documents\cocos\cocosprojects\github\cocos2dx\towergame\proj.win32\debug.win32\scenemanager.obj
d:\cocos2d\cocosstudio\documents\cocos\cocosprojects\github\cocos2dx\towergame\proj.win32\debug.win32\stringutil.obj
d:\cocos2d\cocosstudio\documents\cocos\cocosprojects\github\cocos2dx\towergame\proj.win32\debug.win32\tollgatemaplayer.obj
d:\cocos2d\cocosstudio\documents\cocos\cocosprojects\github\cocos2dx\towergame\proj.win32\debug.win32\tollgatescene.obj
d:\cocos2d\cocosstudio\documents\cocos\cocosprojects\github\cocos2dx\towergame\proj.win32\debug.win32\towerborder.obj
d:\cocos2d\cocosstudio\documents\cocos\cocosprojects\github\cocos2dx\towergame\proj.win32\debug.win32\towereditorlayer.obj
d:\cocos2d\cocosstudio\documents\cocos\cocosprojects\github\cocos2dx\towergame\proj.win32\debug.win32\towereditoroperatelayer.obj
d:\cocos2d\cocosstudio\documents\cocos\cocosprojects\github\cocos2dx\towergame\proj.win32\debug.win32\towereditorscene.obj
d:\cocos2d\cocosstudio\documents\cocos\cocosprojects\github\cocos2dx\towergame\proj.win32\debug.win32\towerposition.obj
d:\cocos2d\cocosstudio\documents\cocos\cocosprojects\github\cocos2dx\towergame\proj.win32\debug.win32\towergame.ilk
d:\cocos2d\cocosstudio\documents\cocos\cocosprojects\github\cocos2dx\towergame\proj.win32\debug.win32\game.res
d:\cocos2d\cocosstudio\documents\cocos\cocosprojects\github\cocos2dx\towergame\proj.win32\debug.win32\towergame.exp
d:\cocos2d\cocosstudio\documents\cocos\cocosprojects\github\cocos2dx\towergame\proj.win32\debug.win32\vc120.idb
d:\cocos2d\cocosstudio\documents\cocos\cocosprojects\github\cocos2dx\towergame\proj.win32\debug.win32\towergame.pdb
d:\cocos2d\cocosstudio\documents\cocos\cocosprojects\github\cocos2dx\towergame\proj.win32\debug.win32\vc120.pdb
d:\cocos2d\cocosstudio\documents\cocos\cocosprojects\github\cocos2dx\towergame\proj.win32\debug.win32\towergame.exe
d:\cocos2d\cocosstudio\documents\cocos\cocosprojects\github\cocos2dx\towergame\proj.win32\debug.win32\towergame.tlog\cl.command.1.tlog
d:\cocos2d\cocosstudio\documents\cocos\cocosprojects\github\cocos2dx\towergame\proj.win32\debug.win32\towergame.tlog\cl.read.1.tlog
d:\cocos2d\cocosstudio\documents\cocos\cocosprojects\github\cocos2dx\towergame\proj.win32\debug.win32\towergame.tlog\cl.write.1.tlog
d:\cocos2d\cocosstudio\documents\cocos\cocosprojects\github\cocos2dx\towergame\proj.win32\debug.win32\towergame.tlog\link.command.1.tlog
d:\cocos2d\cocosstudio\documents\cocos\cocosprojects\github\cocos2dx\towergame\proj.win32\debug.win32\towergame.tlog\link.read.1.tlog
d:\cocos2d\cocosstudio\documents\cocos\cocosprojects\github\cocos2dx\towergame\proj.win32\debug.win32\towergame.tlog\link.write.1.tlog
d:\cocos2d\cocosstudio\documents\cocos\cocosprojects\github\cocos2dx\towergame\proj.win32\debug.win32\towergame.tlog\rc.command.1.tlog
d:\cocos2d\cocosstudio\documents\cocos\cocosprojects\github\cocos2dx\towergame\proj.win32\debug.win32\towergame.tlog\rc.read.1.tlog
d:\cocos2d\cocosstudio\documents\cocos\cocosprojects\github\cocos2dx\towergame\proj.win32\debug.win32\towergame.tlog\rc.write.1.tlog
d:\cocos2d\cocosstudio\documents\cocos\cocosprojects\github\cocos2dx\towergame\proj.win32\debug.win32\towergame.tlog\towergame.write.1u.tlog
