生成启动时间为 2017/6/16 15:46:11。
     1>项目“D:\cocos2d\CocosStudio\Documents\Cocos\CocosProjects\cocos2dx\TowerGame\proj.win32\TowerGame.vcxproj”在节点 2 上(Build 个目标)。
     1>ClCompile:
         C:\Program Files (x86)\Microsoft Visual Studio 12.0\VC\bin\CL.exe /c /I"D:\cocos2d\CocosStudio\Cocos2d-x\cocos2d-x-3.10\cocos\audio\include" /I"D:\cocos2d\CocosStudio\Cocos2d-x\cocos2d-x-3.10\external" /I"D:\cocos2d\CocosStudio\Cocos2d-x\cocos2d-x-3.10\external\chipmunk\include\chipmunk" /I"D:\cocos2d\CocosStudio\Cocos2d-x\cocos2d-x-3.10\extensions" /I..\Classes /I.. /I"D:\cocos2d\CocosStudio\Cocos2d-x\cocos2d-x-3.10\cocos\2d\..\..\cocos\editor-support" /I"D:\cocos2d\CocosStudio\Cocos2d-x\cocos2d-x-3.10\cocos\2d\..\..\cocos" /I"D:\cocos2d\CocosStudio\Cocos2d-x\cocos2d-x-3.10\cocos\2d\..\..\cocos\platform" /I"D:\cocos2d\CocosStudio\Cocos2d-x\cocos2d-x-3.10\cocos\2d\..\..\cocos\platform\desktop" /I"D:\cocos2d\CocosStudio\Cocos2d-x\cocos2d-x-3.10\cocos\2d\..\..\external\glfw3\include\win32" /I"D:\cocos2d\CocosStudio\Cocos2d-x\cocos2d-x-3.10\cocos\2d\..\..\external\win32-specific\gles\include\OGLES" /I"D:\cocos2d\CocosStudio\Cocos2d-x\cocos2d-x-3.10\cocos\2d\..\..\external\freetype2\include\win32\freetype2" /I"D:\cocos2d\CocosStudio\Cocos2d-x\cocos2d-x-3.10\cocos\2d\..\..\external\freetype2\include\win32\\" /I"D:\cocos2d\CocosStudio\Cocos2d-x\cocos2d-x-3.10\cocos\2d\..\..\external" /ZI /nologo /W3 /WX- /MP /Od /Oy- /D WIN32 /D _WINDOWS /D _USE_MATH_DEFINES /D GL_GLEXT_PROTOTYPES /D CC_ENABLE_CHIPMUNK_INTEGRATION=1 /D COCOS2D_DEBUG=1 /D _CRT_SECURE_NO_WARNINGS /D _SCL_SECURE_NO_WARNINGS /D _VARIADIC_MAX=10 /D _USING_V110_SDK71_ /D _UNICODE /D UNICODE /Gm- /EHsc /RTC1 /MD /GS /fp:precise /Zc:wchar_t /Zc:forScope /Fo"Debug.win32\\" /Fd"Debug.win32\vc120.pdb" /Gd /TP /wd4267 /wd4251 /wd4244 /analyze- /errorReport:prompt ..\Classes\TowerEditorLayer.cpp ..\Classes\TowerEditorOperateLayer.cpp ..\Classes\TowerEditorScene.cpp
         TowerEditorLayer.cpp
         TowerEditorOperateLayer.cpp
         TowerEditorScene.cpp
     1>d:\cocos2d\cocosstudio\documents\cocos\cocosprojects\cocos2dx\towergame\classes\towereditoroperatelayer.cpp(37): warning C4996: 'cocos2d::ui::Widget::addTouchEventListener': 被声明为已否决
                 d:\cocos2d\cocosstudio\cocos2d-x\cocos2d-x-3.10\cocos\ui\uiwidget.h(307) : 参见“cocos2d::ui::Widget::addTouchEventListener”的声明
       PreLinkEvent:
         if not exist "D:\cocos2d\CocosStudio\Documents\Cocos\CocosProjects\cocos2dx\TowerGame\proj.win32\Debug.win32\" mkdir "D:\cocos2d\CocosStudio\Documents\Cocos\CocosProjects\cocos2dx\TowerGame\proj.win32\Debug.win32\"
         xcopy /Y /Q "D:\cocos2d\CocosStudio\Cocos2d-x\cocos2d-x-3.10\prebuilt\win32\*.*" "D:\cocos2d\CocosStudio\Documents\Cocos\CocosProjects\cocos2dx\TowerGame\proj.win32\Debug.win32\"
         
         :VCEnd
         复制了 60 个文件
       Link:
         C:\Program Files (x86)\Microsoft Visual Studio 12.0\VC\bin\link.exe /ERRORREPORT:PROMPT /OUT:"D:\cocos2d\CocosStudio\Documents\Cocos\CocosProjects\cocos2dx\TowerGame\proj.win32\Debug.win32\TowerGame.exe" /INCREMENTAL /NOLOGO /LIBPATH:D:\cocos2d\CocosStudio\Documents\Cocos\CocosProjects\cocos2dx\TowerGame\proj.win32\Debug.win32\ /LIBPATH:D:\cocos2d\CocosStudio\Documents\Cocos\CocosProjects\cocos2dx\TowerGame\proj.win32\Debug.win32\ opengl32.lib glew32.lib libzlib.lib libwebp.lib libiconv.lib freetype.lib winmm.lib ws2_32.lib kernel32.lib user32.lib gdi32.lib winspool.lib comdlg32.lib advapi32.lib shell32.lib ole32.lib oleaut32.lib uuid.lib odbc32.lib odbccp32.lib /MANIFEST /MANIFESTUAC:"level='asInvoker' uiAccess='false'" /manifest:embed /DEBUG /PDB:"D:\cocos2d\CocosStudio\Documents\Cocos\CocosProjects\cocos2dx\TowerGame\proj.win32\Debug.win32\TowerGame.pdb" /SUBSYSTEM:WINDOWS,"5.01" /TLBID:1 /DYNAMICBASE /NXCOMPAT /IMPLIB:"D:\cocos2d\CocosStudio\Documents\Cocos\CocosProjects\cocos2dx\TowerGame\proj.win32\Debug.win32\TowerGame.lib" /MACHINE:X86 /SAFESEH Debug.win32\game.res
         Debug.win32\AppDelegate.obj
         Debug.win32\BasePosition.obj
         Debug.win32\HelloWorldScene.obj
         Debug.win32\TowerEditorLayer.obj
         Debug.win32\TowerEditorOperateLayer.obj
         Debug.win32\TowerEditorScene.obj
         Debug.win32\TowerPosition.obj
         Debug.win32\main.obj
         TowerGame.vcxproj -> D:\cocos2d\CocosStudio\Documents\Cocos\CocosProjects\cocos2dx\TowerGame\proj.win32\Debug.win32\TowerGame.exe
       CustomBuildStep:
         if not exist "D:\cocos2d\CocosStudio\Documents\Cocos\CocosProjects\cocos2dx\TowerGame\proj.win32\Debug.win32\" mkdir "D:\cocos2d\CocosStudio\Documents\Cocos\CocosProjects\cocos2dx\TowerGame\proj.win32\Debug.win32\"
         xcopy "D:\cocos2d\CocosStudio\Documents\Cocos\CocosProjects\cocos2dx\TowerGame\proj.win32\..\Resources" "D:\cocos2d\CocosStudio\Documents\Cocos\CocosProjects\cocos2dx\TowerGame\proj.win32\Debug.win32\" /D /E /I /F /Y
               
         :VCEnd
         复制了 0 个文件
     1>已完成生成项目“D:\cocos2d\CocosStudio\Documents\Cocos\CocosProjects\cocos2dx\TowerGame\proj.win32\TowerGame.vcxproj”(Build 个目标)的操作。

生成成功。

已用时间 00:00:17.06
